-----------------------------------------------------------
Commit: 0xdadadadadadadaaaa
----------------------------------
Changelog:

Source changes: [32 files](diff)
Artefact changes: [11 files](diff)
----------------------------------
Blockchain Tests:			[download .zip]
----------------------------------
General State Tests:			[download .zip]
----------------------------------
Some Random Bundle			[download .zip]
-----------------------------------------------------------
Commit: 0xbadadabadadadabdab
----------------------------------
Changelog:

Source changes: [22 files](diff)
Artefact changes: [13 files](diff)
-----------------------------------------------------------
Commit: 0xd000d000d000d000d00
----------------------------------
Changelog:

Source changes: [12 files](diff)
Artefact changes: [7 files](diff)
----------------------------------
Blockchain Tests:			[download .zip]
----------------------------------
General State Tests:			[download .zip]
----------------------------------
Some Random Bundle:			[download .zip]
